<?xml version="1.0" encoding="UTF-8"?>
<testsuites tests="2" failures="0" disabled="0" errors="0" time="0.013" timestamp="2020-05-17T15:34:50" name="AllTests">
  <testsuite name="FirstTest" tests="2" failures="0" disabled="0" errors="0" time="0.011" timestamp="2020-05-17T15:34:50">
    <testcase name="ShouldTestTrue" status="run" result="completed" time="0" timestamp="2020-05-17T15:34:50" classname="FirstTest" />
    <testcase name="ShouldTestFalse" status="run" result="completed" time="0" timestamp="2020-05-17T15:34:50" classname="FirstTest" />
  </testsuite>
</testsuites>
