<?xml version="1.0" encoding="UTF-8"?>
<testsuites tests="2" failures="1" disabled="0" errors="0" time="0.012" timestamp="2020-05-16T20:28:08" name="AllTests">
  <testsuite name="FirstTest" tests="2" failures="1" disabled="0" errors="0" time="0.01" timestamp="2020-05-16T20:28:08">
    <testcase name="ShouldTestTrue" status="run" result="completed" time="0.001" timestamp="2020-05-16T20:28:08" classname="FirstTest" />
    <testcase name="ShouldTestFalse" status="run" result="completed" time="0.007" timestamp="2020-05-16T20:28:08" classname="FirstTest">
      <failure message="MyProject\Source\Tests\GoogleTestApp\Private\Test.cpp:29&#x0A;Value of: true&#x0A;  Actual: true&#x0A;Expected: false" type=""><![CDATA[MyProject\Source\Tests\GoogleTestApp\Private\Test.cpp:29
Value of: true
  Actual: true
Expected: false]]></failure>
    </testcase>
  </testsuite>
</testsuites>
